        -:    0:Source:/usr/include/c++/6/bits/stl_algo.h
        -:    0:Graph:main.gcno
        -:    0:Data:-
        -:    0:Runs:0
        -:    0:Programs:0
        -:    1:// Algorithm implementation -*- C++ -*-
        -:    2:
        -:    3:// Copyright (C) 2001-2016 Free Software Foundation, Inc.
        -:    4://
        -:    5:// This file is part of the GNU ISO C++ Library.  This library is free
        -:    6:// software; you can redistribute it and/or modify it under the
        -:    7:// terms of the GNU General Public License as published by the
        -:    8:// Free Software Foundation; either version 3, or (at your option)
        -:    9:// any later version.
        -:   10:
        -:   11:// This library is distributed in the hope that it will be useful,
        -:   12:// but WITHOUT ANY WARRANTY; without even the implied warranty of
        -:   13:// MERCHANTABILITY or FITNESS FOR A PARTICULAR PURPOSE.  See the
        -:   14:// GNU General Public License for more details.
        -:   15:
        -:   16:// Under Section 7 of GPL version 3, you are granted additional
        -:   17:// permissions described in the GCC Runtime Library Exception, version
        -:   18:// 3.1, as published by the Free Software Foundation.
        -:   19:
        -:   20:// You should have received a copy of the GNU General Public License and
        -:   21:// a copy of the GCC Runtime Library Exception along with this program;
        -:   22:// see the files COPYING3 and COPYING.RUNTIME respectively.  If not, see
        -:   23:// <http://www.gnu.org/licenses/>.
        -:   24:
        -:   25:/*
        -:   26: *
        -:   27: * Copyright (c) 1994
        -:   28: * Hewlett-Packard Company
        -:   29: *
        -:   30: * Permission to use, copy, modify, distribute and sell this software
        -:   31: * and its documentation for any purpose is hereby granted without fee,
        -:   32: * provided that the above copyright notice appear in all copies and
        -:   33: * that both that copyright notice and this permission notice appear
        -:   34: * in supporting documentation.  Hewlett-Packard Company makes no
        -:   35: * representations about the suitability of this software for any
        -:   36: * purpose.  It is provided "as is" without express or implied warranty.
        -:   37: *
        -:   38: *
        -:   39: * Copyright (c) 1996
        -:   40: * Silicon Graphics Computer Systems, Inc.
        -:   41: *
        -:   42: * Permission to use, copy, modify, distribute and sell this software
        -:   43: * and its documentation for any purpose is hereby granted without fee,
        -:   44: * provided that the above copyright notice appear in all copies and
        -:   45: * that both that copyright notice and this permission notice appear
        -:   46: * in supporting documentation.  Silicon Graphics makes no
        -:   47: * representations about the suitability of this software for any
        -:   48: * purpose.  It is provided "as is" without express or implied warranty.
        -:   49: */
        -:   50:
        -:   51:/** @file bits/stl_algo.h
        -:   52: *  This is an internal header file, included by other library headers.
        -:   53: *  Do not attempt to use it directly. @headername{algorithm}
        -:   54: */
        -:   55:
        -:   56:#ifndef _STL_ALGO_H
        -:   57:#define _STL_ALGO_H 1
        -:   58:
        -:   59:#include <cstdlib>	     // for rand
        -:   60:#include <bits/algorithmfwd.h>
        -:   61:#include <bits/stl_heap.h>
        -:   62:#include <bits/stl_tempbuf.h>  // for _Temporary_buffer
        -:   63:#include <bits/predefined_ops.h>
        -:   64:
        -:   65:#if __cplusplus >= 201103L
        -:   66:#include <bits/uniform_int_dist.h>
        -:   67:#endif
        -:   68:
        -:   69:// See concept_check.h for the __glibcxx_*_requires macros.
        -:   70:
        -:   71:namespace std _GLIBCXX_VISIBILITY(default)
        -:   72:{
        -:   73:_GLIBCXX_BEGIN_NAMESPACE_VERSION
        -:   74:
        -:   75:  /// Swaps the median value of *__a, *__b and *__c under __comp to *__result
        -:   76:  template<typename _Iterator, typename _Compare>
        -:   77:    void
    #####:   78:    __move_median_to_first(_Iterator __result,_Iterator __a, _Iterator __b,
        -:   79:			   _Iterator __c, _Compare __comp)
        -:   80:    {
    #####:   81:      if (__comp(__a, __b))
        -:   82:	{
    #####:   83:	  if (__comp(__b, __c))
    #####:   84:	    std::iter_swap(__result, __b);
    #####:   85:	  else if (__comp(__a, __c))
    #####:   86:	    std::iter_swap(__result, __c);
        -:   87:	  else
    #####:   88:	    std::iter_swap(__result, __a);
        -:   89:	}
    #####:   90:      else if (__comp(__a, __c))
    #####:   91:	std::iter_swap(__result, __a);
    #####:   92:      else if (__comp(__b, __c))
    #####:   93:	std::iter_swap(__result, __c);
        -:   94:      else
    #####:   95:	std::iter_swap(__result, __b);
    #####:   96:    }
        -:   97:
        -:   98:  /// This is an overload used by find algos for the Input Iterator case.
        -:   99:  template<typename _InputIterator, typename _Predicate>
        -:  100:    inline _InputIterator
        -:  101:    __find_if(_InputIterator __first, _InputIterator __last,
        -:  102:	      _Predicate __pred, input_iterator_tag)
        -:  103:    {
        -:  104:      while (__first != __last && !__pred(__first))
        -:  105:	++__first;
        -:  106:      return __first;
        -:  107:    }
        -:  108:
        -:  109:  /// This is an overload used by find algos for the RAI case.
        -:  110:  template<typename _RandomAccessIterator, typename _Predicate>
        -:  111:    _RandomAccessIterator
    #####:  112:    __find_if(_RandomAccessIterator __first, _RandomAccessIterator __last,
        -:  113:	      _Predicate __pred, random_access_iterator_tag)
        -:  114:    {
        -:  115:      typename iterator_traits<_RandomAccessIterator>::difference_type
    #####:  116:	__trip_count = (__last - __first) >> 2;
        -:  117:
    #####:  118:      for (; __trip_count > 0; --__trip_count)
        -:  119:	{
    #####:  120:	  if (__pred(__first))
    #####:  121:	    return __first;
    #####:  122:	  ++__first;
        -:  123:
    #####:  124:	  if (__pred(__first))
    #####:  125:	    return __first;
    #####:  126:	  ++__first;
        -:  127:
    #####:  128:	  if (__pred(__first))
    #####:  129:	    return __first;
    #####:  130:	  ++__first;
        -:  131:
    #####:  132:	  if (__pred(__first))
    #####:  133:	    return __first;
    #####:  134:	  ++__first;
        -:  135:	}
        -:  136:
    #####:  137:      switch (__last - __first)
        -:  138:	{
        -:  139:	case 3:
    #####:  140:	  if (__pred(__first))
    #####:  141:	    return __first;
    #####:  142:	  ++__first;
        -:  143:	case 2:
    #####:  144:	  if (__pred(__first))
    #####:  145:	    return __first;
    #####:  146:	  ++__first;
        -:  147:	case 1:
    #####:  148:	  if (__pred(__first))
    #####:  149:	    return __first;
    #####:  150:	  ++__first;
        -:  151:	case 0:
        -:  152:	default:
    #####:  153:	  return __last;
        -:  154:	}
        -:  155:    }
        -:  156:
        -:  157:  template<typename _Iterator, typename _Predicate>
        -:  158:    inline _Iterator
    #####:  159:    __find_if(_Iterator __first, _Iterator __last, _Predicate __pred)
        -:  160:    {
    #####:  161:      return __find_if(__first, __last, __pred,
    #####:  162:		       std::__iterator_category(__first));
        -:  163:    }
        -:  164:
        -:  165:  /// Provided for stable_partition to use.
        -:  166:  template<typename _InputIterator, typename _Predicate>
        -:  167:    inline _InputIterator
        -:  168:    __find_if_not(_InputIterator __first, _InputIterator __last,
        -:  169:		  _Predicate __pred)
        -:  170:    {
        -:  171:      return std::__find_if(__first, __last,
        -:  172:			    __gnu_cxx::__ops::__negate(__pred),
        -:  173:			    std::__iterator_category(__first));
        -:  174:    }
        -:  175:
        -:  176:  /// Like find_if_not(), but uses and updates a count of the
        -:  177:  /// remaining range length instead of comparing against an end
        -:  178:  /// iterator.
        -:  179:  template<typename _InputIterator, typename _Predicate, typename _Distance>
        -:  180:    _InputIterator
        -:  181:    __find_if_not_n(_InputIterator __first, _Distance& __len, _Predicate __pred)
        -:  182:    {
        -:  183:      for (; __len; --__len, ++__first)
        -:  184:	if (!__pred(__first))
        -:  185:	  break;
        -:  186:      return __first;
        -:  187:    }
        -:  188:
        -:  189:  // set_difference
        -:  190:  // set_intersection
        -:  191:  // set_symmetric_difference
        -:  192:  // set_union
        -:  193:  // for_each
        -:  194:  // find
        -:  195:  // find_if
        -:  196:  // find_first_of
        -:  197:  // adjacent_find
        -:  198:  // count
        -:  199:  // count_if
        -:  200:  // search
        -:  201:
        -:  202:  template<typename _ForwardIterator1, typename _ForwardIterator2,
        -:  203:	   typename _BinaryPredicate>
        -:  204:    _ForwardIterator1
        -:  205:    __search(_ForwardIterator1 __first1, _ForwardIterator1 __last1,
        -:  206:	     _ForwardIterator2 __first2, _ForwardIterator2 __last2,
        -:  207:	     _BinaryPredicate  __predicate)
        -:  208:    {
        -:  209:      // Test for empty ranges
        -:  210:      if (__first1 == __last1 || __first2 == __last2)
        -:  211:	return __first1;
        -:  212:
        -:  213:      // Test for a pattern of length 1.
        -:  214:      _ForwardIterator2 __p1(__first2);
        -:  215:      if (++__p1 == __last2)
        -:  216:	return std::__find_if(__first1, __last1,
        -:  217:		__gnu_cxx::__ops::__iter_comp_iter(__predicate, __first2));
        -:  218:
        -:  219:      // General case.
        -:  220:      _ForwardIterator2 __p;
        -:  221:      _ForwardIterator1 __current = __first1;
        -:  222:
        -:  223:      for (;;)
        -:  224:	{
        -:  225:	  __first1 =
        -:  226:	    std::__find_if(__first1, __last1,
        -:  227:		__gnu_cxx::__ops::__iter_comp_iter(__predicate, __first2));
        -:  228:
        -:  229:	  if (__first1 == __last1)
        -:  230:	    return __last1;
        -:  231:
        -:  232:	  __p = __p1;
        -:  233:	  __current = __first1;
        -:  234:	  if (++__current == __last1)
        -:  235:	    return __last1;
        -:  236:
        -:  237:	  while (__predicate(__current, __p))
        -:  238:	    {
        -:  239:	      if (++__p == __last2)
        -:  240:		return __first1;
        -:  241:	      if (++__current == __last1)
        -:  242:		return __last1;
        -:  243:	    }
        -:  244:	  ++__first1;
        -:  245:	}
        -:  246:      return __first1;
        -:  247:    }
        -:  248:
        -:  249:  // search_n
        -:  250:
        -:  251:  /**
        -:  252:   *  This is an helper function for search_n overloaded for forward iterators.
        -:  253:  */
        -:  254:  template<typename _ForwardIterator, typename _Integer,
        -:  255:	   typename _UnaryPredicate>
        -:  256:    _ForwardIterator
        -:  257:    __search_n_aux(_ForwardIterator __first, _ForwardIterator __last,
        -:  258:		   _Integer __count, _UnaryPredicate __unary_pred,
        -:  259:		   std::forward_iterator_tag)
        -:  260:    {
        -:  261:      __first = std::__find_if(__first, __last, __unary_pred);
        -:  262:      while (__first != __last)
        -:  263:	{
        -:  264:	  typename iterator_traits<_ForwardIterator>::difference_type
        -:  265:	    __n = __count;
        -:  266:	  _ForwardIterator __i = __first;
        -:  267:	  ++__i;
        -:  268:	  while (__i != __last && __n != 1 && __unary_pred(__i))
        -:  269:	    {
        -:  270:	      ++__i;
        -:  271:	      --__n;
        -:  272:	    }
        -:  273:	  if (__n == 1)
        -:  274:	    return __first;
        -:  275:	  if (__i == __last)
        -:  276:	    return __last;
        -:  277:	  __first = std::__find_if(++__i, __last, __unary_pred);
        -:  278:	}
        -:  279:      return __last;
        -:  280:    }
        -:  281:
        -:  282:  /**
        -:  283:   *  This is an helper function for search_n overloaded for random access
        -:  284:   *  iterators.
        -:  285:  */
        -:  286:  template<typename _RandomAccessIter, typename _Integer,
        -:  287:	   typename _UnaryPredicate>
        -:  288:    _RandomAccessIter
        -:  289:    __search_n_aux(_RandomAccessIter __first, _RandomAccessIter __last,
        -:  290:		   _Integer __count, _UnaryPredicate __unary_pred,
        -:  291:		   std::random_access_iterator_tag)
        -:  292:    {
        -:  293:      typedef typename std::iterator_traits<_RandomAccessIter>::difference_type
        -:  294:	_DistanceType;
        -:  295:
        -:  296:      _DistanceType __tailSize = __last - __first;
        -:  297:      _DistanceType __remainder = __count;
        -:  298:
        -:  299:      while (__remainder <= __tailSize) // the main loop...
        -:  300:	{
        -:  301:	  __first += __remainder;
        -:  302:	  __tailSize -= __remainder;
        -:  303:	  // __first here is always pointing to one past the last element of
        -:  304:	  // next possible match.
        -:  305:	  _RandomAccessIter __backTrack = __first; 
        -:  306:	  while (__unary_pred(--__backTrack))
        -:  307:	    {
        -:  308:	      if (--__remainder == 0)
        -:  309:		return (__first - __count); // Success
        -:  310:	    }
        -:  311:	  __remainder = __count + 1 - (__first - __backTrack);
        -:  312:	}
        -:  313:      return __last; // Failure
        -:  314:    }
        -:  315:
        -:  316:  template<typename _ForwardIterator, typename _Integer,
        -:  317:	   typename _UnaryPredicate>
        -:  318:    _ForwardIterator
        -:  319:    __search_n(_ForwardIterator __first, _ForwardIterator __last,
        -:  320:	       _Integer __count,
        -:  321:	       _UnaryPredicate __unary_pred)
        -:  322:    {
        -:  323:      if (__count <= 0)
        -:  324:	return __first;
        -:  325:
        -:  326:      if (__count == 1)
        -:  327:	return std::__find_if(__first, __last, __unary_pred);
        -:  328:
        -:  329:      return std::__search_n_aux(__first, __last, __count, __unary_pred,
        -:  330:				 std::__iterator_category(__first));
        -:  331:    }
        -:  332:
        -:  333:  // find_end for forward iterators.
        -:  334:  template<typename _ForwardIterator1, typename _ForwardIterator2,
        -:  335:	   typename _BinaryPredicate>
        -:  336:    _ForwardIterator1
        -:  337:    __find_end(_ForwardIterator1 __first1, _ForwardIterator1 __last1,
        -:  338:	       _ForwardIterator2 __first2, _ForwardIterator2 __last2,
        -:  339:	       forward_iterator_tag, forward_iterator_tag,
        -:  340:	       _BinaryPredicate __comp)
        -:  341:    {
        -:  342:      if (__first2 == __last2)
        -:  343:	return __last1;
        -:  344:
        -:  345:      _ForwardIterator1 __result = __last1;
        -:  346:      while (1)
        -:  347:	{
        -:  348:	  _ForwardIterator1 __new_result
        -:  349:	    = std::__search(__first1, __last1, __first2, __last2, __comp);
        -:  350:	  if (__new_result == __last1)
        -:  351:	    return __result;
        -:  352:	  else
        -:  353:	    {
        -:  354:	      __result = __new_result;
        -:  355:	      __first1 = __new_result;
        -:  356:	      ++__first1;
        -:  357:	    }
        -:  358:	}
        -:  359:    }
        -:  360:
        -:  361:  // find_end for bidirectional iterators (much faster).
        -:  362:  template<typename _BidirectionalIterator1, typename _BidirectionalIterator2,
        -:  363:	   typename _BinaryPredicate>
        -:  364:    _BidirectionalIterator1
        -:  365:    __find_end(_BidirectionalIterator1 __first1,
        -:  366:	       _BidirectionalIterator1 __last1,
        -:  367:	       _BidirectionalIterator2 __first2,
        -:  368:	       _BidirectionalIterator2 __last2,
        -:  369:	       bidirectional_iterator_tag, bidirectional_iterator_tag,
        -:  370:	       _BinaryPredicate __comp)
        -:  371:    {
        -:  372:      // concept requirements
        -:  373:      __glibcxx_function_requires(_BidirectionalIteratorConcept<
        -:  374:				  _BidirectionalIterator1>)
        -:  375:      __glibcxx_function_requires(_BidirectionalIteratorConcept<
        -:  376:				  _BidirectionalIterator2>)
        -:  377:
        -:  378:      typedef reverse_iterator<_BidirectionalIterator1> _RevIterator1;
        -:  379:      typedef reverse_iterator<_BidirectionalIterator2> _RevIterator2;
        -:  380:
        -:  381:      _RevIterator1 __rlast1(__first1);
        -:  382:      _RevIterator2 __rlast2(__first2);
        -:  383:      _RevIterator1 __rresult = std::__search(_RevIterator1(__last1), __rlast1,
        -:  384:					      _RevIterator2(__last2), __rlast2,
        -:  385:					      __comp);
        -:  386:
        -:  387:      if (__rresult == __rlast1)
        -:  388:	return __last1;
        -:  389:      else
        -:  390:	{
        -:  391:	  _BidirectionalIterator1 __result = __rresult.base();
        -:  392:	  std::advance(__result, -std::distance(__first2, __last2));
        -:  393:	  return __result;
        -:  394:	}
        -:  395:    }
        -:  396:
        -:  397:  /**
        -:  398:   *  @brief  Find last matching subsequence in a sequence.
        -:  399:   *  @ingroup non_mutating_algorithms
        -:  400:   *  @param  __first1  Start of range to search.
        -:  401:   *  @param  __last1   End of range to search.
        -:  402:   *  @param  __first2  Start of sequence to match.
        -:  403:   *  @param  __last2   End of sequence to match.
        -:  404:   *  @return   The last iterator @c i in the range
        -:  405:   *  @p [__first1,__last1-(__last2-__first2)) such that @c *(i+N) ==
        -:  406:   *  @p *(__first2+N) for each @c N in the range @p
        -:  407:   *  [0,__last2-__first2), or @p __last1 if no such iterator exists.
        -:  408:   *
        -:  409:   *  Searches the range @p [__first1,__last1) for a sub-sequence that
        -:  410:   *  compares equal value-by-value with the sequence given by @p
        -:  411:   *  [__first2,__last2) and returns an iterator to the __first
        -:  412:   *  element of the sub-sequence, or @p __last1 if the sub-sequence
        -:  413:   *  is not found.  The sub-sequence will be the last such
        -:  414:   *  subsequence contained in [__first1,__last1).
        -:  415:   *
        -:  416:   *  Because the sub-sequence must lie completely within the range @p
        -:  417:   *  [__first1,__last1) it must start at a position less than @p
        -:  418:   *  __last1-(__last2-__first2) where @p __last2-__first2 is the
        -:  419:   *  length of the sub-sequence.  This means that the returned
        -:  420:   *  iterator @c i will be in the range @p
        -:  421:   *  [__first1,__last1-(__last2-__first2))
        -:  422:  */
        -:  423:  template<typename _ForwardIterator1, typename _ForwardIterator2>
        -:  424:    inline _ForwardIterator1
        -:  425:    find_end(_ForwardIterator1 __first1, _ForwardIterator1 __last1,
        -:  426:	     _ForwardIterator2 __first2, _ForwardIterator2 __last2)
        -:  427:    {
        -:  428:      // concept requirements
        -:  429:      __glibcxx_function_requires(_ForwardIteratorConcept<_ForwardIterator1>)
        -:  430:      __glibcxx_function_requires(_ForwardIteratorConcept<_ForwardIterator2>)
        -:  431:      __glibcxx_function_requires(_EqualOpConcept<
        -:  432:	    typename iterator_traits<_ForwardIterator1>::value_type,
        -:  433:	    typename iterator_traits<_ForwardIterator2>::value_type>)
        -:  434:      __glibcxx_requires_valid_range(__first1, __last1);
        -:  435:      __glibcxx_requires_valid_range(__first2, __last2);
        -:  436:
        -:  437:      return std::__find_end(__first1, __last1, __first2, __last2,
        -:  438:			     std::__iterator_category(__first1),
        -:  439:			     std::__iterator_category(__first2),
        -:  440:			     __gnu_cxx::__ops::__iter_equal_to_iter());
        -:  441:    }
        -:  442:
        -:  443:  /**
        -:  444:   *  @brief  Find last matching subsequence in a sequence using a predicate.
        -:  445:   *  @ingroup non_mutating_algorithms
        -:  446:   *  @param  __first1  Start of range to search.
        -:  447:   *  @param  __last1   End of range to search.
        -:  448:   *  @param  __first2  Start of sequence to match.
        -:  449:   *  @param  __last2   End of sequence to match.
        -:  450:   *  @param  __comp    The predicate to use.
        -:  451:   *  @return The last iterator @c i in the range @p
        -:  452:   *  [__first1,__last1-(__last2-__first2)) such that @c
        -:  453:   *  predicate(*(i+N), @p (__first2+N)) is true for each @c N in the
        -:  454:   *  range @p [0,__last2-__first2), or @p __last1 if no such iterator
        -:  455:   *  exists.
        -:  456:   *
        -:  457:   *  Searches the range @p [__first1,__last1) for a sub-sequence that
        -:  458:   *  compares equal value-by-value with the sequence given by @p
        -:  459:   *  [__first2,__last2) using comp as a predicate and returns an
        -:  460:   *  iterator to the first element of the sub-sequence, or @p __last1
        -:  461:   *  if the sub-sequence is not found.  The sub-sequence will be the
        -:  462:   *  last such subsequence contained in [__first,__last1).
        -:  463:   *
        -:  464:   *  Because the sub-sequence must lie completely within the range @p
        -:  465:   *  [__first1,__last1) it must start at a position less than @p
        -:  466:   *  __last1-(__last2-__first2) where @p __last2-__first2 is the
        -:  467:   *  length of the sub-sequence.  This means that the returned
        -:  468:   *  iterator @c i will be in the range @p
        -:  469:   *  [__first1,__last1-(__last2-__first2))
        -:  470:  */
        -:  471:  template<typename _ForwardIterator1, typename _ForwardIterator2,
        -:  472:	   typename _BinaryPredicate>
        -:  473:    inline _ForwardIterator1
        -:  474:    find_end(_ForwardIterator1 __first1, _ForwardIterator1 __last1,
        -:  475:	     _ForwardIterator2 __first2, _ForwardIterator2 __last2,
        -:  476:	     _BinaryPredicate __comp)
        -:  477:    {
        -:  478:      // concept requirements
        -:  479:      __glibcxx_function_requires(_ForwardIteratorConcept<_ForwardIterator1>)
        -:  480:      __glibcxx_function_requires(_ForwardIteratorConcept<_ForwardIterator2>)
        -:  481:      __glibcxx_function_requires(_BinaryPredicateConcept<_BinaryPredicate,
        -:  482:	    typename iterator_traits<_ForwardIterator1>::value_type,
        -:  483:	    typename iterator_traits<_ForwardIterator2>::value_type>)
        -:  484:      __glibcxx_requires_valid_range(__first1, __last1);
        -:  485:      __glibcxx_requires_valid_range(__first2, __last2);
        -:  486:
        -:  487:      return std::__find_end(__first1, __last1, __first2, __last2,
        -:  488:			     std::__iterator_category(__first1),
        -:  489:			     std::__iterator_category(__first2),
        -:  490:			     __gnu_cxx::__ops::__iter_comp_iter(__comp));
        -:  491:    }
        -:  492:
        -:  493:#if __cplusplus >= 201103L
        -:  494:  /**
        -:  495:   *  @brief  Checks that a predicate is true for all the elements
        -:  496:   *          of a sequence.
        -:  497:   *  @ingroup non_mutating_algorithms
        -:  498:   *  @param  __first   An input iterator.
        -:  499:   *  @param  __last    An input iterator.
        -:  500:   *  @param  __pred    A predicate.
        -:  501:   *  @return  True if the check is true, false otherwise.
        -:  502:   *
        -:  503:   *  Returns true if @p __pred is true for each element in the range
        -:  504:   *  @p [__first,__last), and false otherwise.
        -:  505:  */
        -:  506:  template<typename _InputIterator, typename _Predicate>
        -:  507:    inline bool
        -:  508:    all_of(_InputIterator __first, _InputIterator __last, _Predicate __pred)
        -:  509:    { return __last == std::find_if_not(__first, __last, __pred); }
        -:  510:
        -:  511:  /**
        -:  512:   *  @brief  Checks that a predicate is false for all the elements
        -:  513:   *          of a sequence.
        -:  514:   *  @ingroup non_mutating_algorithms
        -:  515:   *  @param  __first   An input iterator.
        -:  516:   *  @param  __last    An input iterator.
        -:  517:   *  @param  __pred    A predicate.
        -:  518:   *  @return  True if the check is true, false otherwise.
        -:  519:   *
        -:  520:   *  Returns true if @p __pred is false for each element in the range
        -:  521:   *  @p [__first,__last), and false otherwise.
        -:  522:  */
        -:  523:  template<typename _InputIterator, typename _Predicate>
        -:  524:    inline bool
        -:  525:    none_of(_InputIterator __first, _InputIterator __last, _Predicate __pred)
        -:  526:    { return __last == _GLIBCXX_STD_A::find_if(__first, __last, __pred); }
        -:  527:
        -:  528:  /**
        -:  529:   *  @brief  Checks that a predicate is false for at least an element
        -:  530:   *          of a sequence.
        -:  531:   *  @ingroup non_mutating_algorithms
        -:  532:   *  @param  __first   An input iterator.
        -:  533:   *  @param  __last    An input iterator.
        -:  534:   *  @param  __pred    A predicate.
        -:  535:   *  @return  True if the check is true, false otherwise.
        -:  536:   *
        -:  537:   *  Returns true if an element exists in the range @p
        -:  538:   *  [__first,__last) such that @p __pred is true, and false
        -:  539:   *  otherwise.
        -:  540:  */
        -:  541:  template<typename _InputIterator, typename _Predicate>
        -:  542:    inline bool
        -:  543:    any_of(_InputIterator __first, _InputIterator __last, _Predicate __pred)
        -:  544:    { return !std::none_of(__first, __last, __pred); }
        -:  545:
        -:  546:  /**
        -:  547:   *  @brief  Find the first element in a sequence for which a
        -:  548:   *          predicate is false.
        -:  549:   *  @ingroup non_mutating_algorithms
        -:  550:   *  @param  __first  An input iterator.
        -:  551:   *  @param  __last   An input iterator.
        -:  552:   *  @param  __pred   A predicate.
        -:  553:   *  @return   The first iterator @c i in the range @p [__first,__last)
        -:  554:   *  such that @p __pred(*i) is false, or @p __last if no such iterator exists.
        -:  555:  */
        -:  556:  template<typename _InputIterator, typename _Predicate>
        -:  557:    inline _InputIterator
        -:  558:    find_if_not(_InputIterator __first, _InputIterator __last,
        -:  559:		_Predicate __pred)
        -:  560:    {
        -:  561:      // concept requirements
        -:  562:      __glibcxx_function_requires(_InputIteratorConcept<_InputIterator>)
        -:  563:      __glibcxx_function_requires(_UnaryPredicateConcept<_Predicate,
        -:  564:	      typename iterator_traits<_InputIterator>::value_type>)
        -:  565:      __glibcxx_requires_valid_range(__first, __last);
        -:  566:      return std::__find_if_not(__first, __last,
        -:  567:				__gnu_cxx::__ops::__pred_iter(__pred));
        -:  568:    }
        -:  569:
        -:  570:  /**
        -:  571:   *  @brief  Checks whether the sequence is partitioned.
        -:  572:   *  @ingroup mutating_algorithms
        -:  573:   *  @param  __first  An input iterator.
        -:  574:   *  @param  __last   An input iterator.
        -:  575:   *  @param  __pred   A predicate.
        -:  576:   *  @return  True if the range @p [__first,__last) is partioned by @p __pred,
        -:  577:   *  i.e. if all elements that satisfy @p __pred appear before those that
        -:  578:   *  do not.
        -:  579:  */
        -:  580:  template<typename _InputIterator, typename _Predicate>
        -:  581:    inline bool
        -:  582:    is_partitioned(_InputIterator __first, _InputIterator __last,
        -:  583:		   _Predicate __pred)
        -:  584:    {
        -:  585:      __first = std::find_if_not(__first, __last, __pred);
        -:  586:      return std::none_of(__first, __last, __pred);
        -:  587:    }
        -:  588:
        -:  589:  /**
        -:  590:   *  @brief  Find the partition point of a partitioned range.
        -:  591:   *  @ingroup mutating_algorithms
        -:  592:   *  @param  __first   An iterator.
        -:  593:   *  @param  __last    Another iterator.
        -:  594:   *  @param  __pred    A predicate.
        -:  595:   *  @return  An iterator @p mid such that @p all_of(__first, mid, __pred)
        -:  596:   *           and @p none_of(mid, __last, __pred) are both true.
        -:  597:  */
        -:  598:  template<typename _ForwardIterator, typename _Predicate>
        -:  599:    _ForwardIterator
        -:  600:    partition_point(_ForwardIterator __first, _ForwardIterator __last,
        -:  601:		    _Predicate __pred)
        -:  602:    {
        -:  603:      // concept requirements
        -:  604:      __glibcxx_function_requires(_ForwardIteratorConcept<_ForwardIterator>)
        -:  605:      __glibcxx_function_requires(_UnaryPredicateConcept<_Predicate,
        -:  606:	      typename iterator_traits<_ForwardIterator>::value_type>)
        -:  607:
        -:  608:      // A specific debug-mode test will be necessary...
        -:  609:      __glibcxx_requires_valid_range(__first, __last);
        -:  610:
        -:  611:      typedef typename iterator_traits<_ForwardIterator>::difference_type
        -:  612:	_DistanceType;
        -:  613:
        -:  614:      _DistanceType __len = std::distance(__first, __last);
        -:  615:      _DistanceType __half;
        -:  616:      _ForwardIterator __middle;
        -:  617:
        -:  618:      while (__len > 0)
        -:  619:	{
        -:  620:	  __half = __len >> 1;
        -:  621:	  __middle = __first;
        -:  622:	  std::advance(__middle, __half);
        -:  623:	  if (__pred(*__middle))
        -:  624:	    {
        -:  625:	      __first = __middle;
        -:  626:	      ++__first;
        -:  627:	      __len = __len - __half - 1;
        -:  628:	    }
        -:  629:	  else
        -:  630:	    __len = __half;
        -:  631:	}
        -:  632:      return __first;
        -:  633:    }
        -:  634:#endif
        -:  635:
        -:  636:  template<typename _InputIterator, typename _OutputIterator,
        -:  637:	   typename _Predicate>
        -:  638:    _OutputIterator
        -:  639:    __remove_copy_if(_InputIterator __first, _InputIterator __last,
        -:  640:		     _OutputIterator __result, _Predicate __pred)
        -:  641:    {
        -:  642:      for (; __first != __last; ++__first)
        -:  643:	if (!__pred(__first))
        -:  644:	  {
        -:  645:	    *__result = *__first;
        -:  646:	    ++__result;
        -:  647:	  }
        -:  648:      return __result;
        -:  649:    }
        -:  650:
        -:  651:  /**
        -:  652:   *  @brief Copy a sequence, removing elements of a given value.
        -:  653:   *  @ingroup mutating_algorithms
        -:  654:   *  @param  __first   An input iterator.
        -:  655:   *  @param  __last    An input iterator.
        -:  656:   *  @param  __result  An output iterator.
        -:  657:   *  @param  __value   The value to be removed.
        -:  658:   *  @return   An iterator designating the end of the resulting sequence.
        -:  659:   *
        -:  660:   *  Copies each element in the range @p [__first,__last) not equal
        -:  661:   *  to @p __value to the range beginning at @p __result.
        -:  662:   *  remove_copy() is stable, so the relative order of elements that
        -:  663:   *  are copied is unchanged.
        -:  664:  */
        -:  665:  template<typename _InputIterator, typename _OutputIterator, typename _Tp>
        -:  666:    inline _OutputIterator
        -:  667:    remove_copy(_InputIterator __first, _InputIterator __last,
        -:  668:		_OutputIterator __result, const _Tp& __value)
        -:  669:    {
        -:  670:      // concept requirements
        -:  671:      __glibcxx_function_requires(_InputIteratorConcept<_InputIterator>)
        -:  672:      __glibcxx_function_requires(_OutputIteratorConcept<_OutputIterator,
        -:  673:	    typename iterator_traits<_InputIterator>::value_type>)
        -:  674:      __glibcxx_function_requires(_EqualOpConcept<
        -:  675:	    typename iterator_traits<_InputIterator>::value_type, _Tp>)
        -:  676:      __glibcxx_requires_valid_range(__first, __last);
        -:  677:
        -:  678:      return std::__remove_copy_if(__first, __last, __result,
        -:  679:	__gnu_cxx::__ops::__iter_equals_val(__value));
        -:  680:    }
        -:  681:
        -:  682:  /**
        -:  683:   *  @brief Copy a sequence, removing elements for which a predicate is true.
        -:  684:   *  @ingroup mutating_algorithms
        -:  685:   *  @param  __first   An input iterator.
        -:  686:   *  @param  __last    An input iterator.
        -:  687:   *  @param  __result  An output iterator.
        -:  688:   *  @param  __pred    A predicate.
        -:  689:   *  @return   An iterator designating the end of the resulting sequence.
        -:  690:   *
        -:  691:   *  Copies each element in the range @p [__first,__last) for which
        -:  692:   *  @p __pred returns false to the range beginning at @p __result.
        -:  693:   *
        -:  694:   *  remove_copy_if() is stable, so the relative order of elements that are
        -:  695:   *  copied is unchanged.
        -:  696:  */
        -:  697:  template<typename _InputIterator, typename _OutputIterator,
        -:  698:	   typename _Predicate>
        -:  699:    inline _OutputIterator
        -:  700:    remove_copy_if(_InputIterator __first, _InputIterator __last,
        -:  701:		   _OutputIterator __result, _Predicate __pred)
        -:  702:    {
        -:  703:      // concept requirements
        -:  704:      __glibcxx_function_requires(_InputIteratorConcept<_InputIterator>)
        -:  705:      __glibcxx_function_requires(_OutputIteratorConcept<_OutputIterator,
        -:  706:	    typename iterator_traits<_InputIterator>::value_type>)
        -:  707:      __glibcxx_function_requires(_UnaryPredicateConcept<_Predicate,
        -:  708:	    typename iterator_traits<_InputIterator>::value_type>)
        -:  709:      __glibcxx_requires_valid_range(__first, __last);
        -:  710:
        -:  711:      return std::__remove_copy_if(__first, __last, __result,
        -:  712:				   __gnu_cxx::__ops::__pred_iter(__pred));
        -:  713:    }
        -:  714:
        -:  715:#if __cplusplus >= 201103L
        -:  716:  /**
        -:  717:   *  @brief Copy the elements of a sequence for which a predicate is true.
        -:  718:   *  @ingroup mutating_algorithms
        -:  719:   *  @param  __first   An input iterator.
        -:  720:   *  @param  __last    An input iterator.
        -:  721:   *  @param  __result  An output iterator.
        -:  722:   *  @param  __pred    A predicate.
        -:  723:   *  @return   An iterator designating the end of the resulting sequence.
        -:  724:   *
        -:  725:   *  Copies each element in the range @p [__first,__last) for which
        -:  726:   *  @p __pred returns true to the range beginning at @p __result.
        -:  727:   *
        -:  728:   *  copy_if() is stable, so the relative order of elements that are
        -:  729:   *  copied is unchanged.
        -:  730:  */
        -:  731:  template<typename _InputIterator, typename _OutputIterator,
        -:  732:	   typename _Predicate>
        -:  733:    _OutputIterator
        -:  734:    copy_if(_InputIterator __first, _InputIterator __last,
        -:  735:	    _OutputIterator __result, _Predicate __pred)
        -:  736:    {
        -:  737:      // concept requirements
        -:  738:      __glibcxx_function_requires(_InputIteratorConcept<_InputIterator>)
        -:  739:      __glibcxx_function_requires(_OutputIteratorConcept<_OutputIterator,
        -:  740:	    typename iterator_traits<_InputIterator>::value_type>)
        -:  741:      __glibcxx_function_requires(_UnaryPredicateConcept<_Predicate,
        -:  742:	    typename iterator_traits<_InputIterator>::value_type>)
        -:  743:      __glibcxx_requires_valid_range(__first, __last);
        -:  744:
        -:  745:      for (; __first != __last; ++__first)
        -:  746:	if (__pred(*__first))
        -:  747:	  {
        -:  748:	    *__result = *__first;
        -:  749:	    ++__result;
        -:  750:	  }
        -:  751:      return __result;
        -:  752:    }
        -:  753:
        -:  754:  template<typename _InputIterator, typename _Size, typename _OutputIterator>
        -:  755:    _OutputIterator
        -:  756:    __copy_n(_InputIterator __first, _Size __n,
        -:  757:	     _OutputIterator __result, input_iterator_tag)
        -:  758:    {
        -:  759:      if (__n > 0)
        -:  760:	{
        -:  761:	  while (true)
        -:  762:	    {
        -:  763:	      *__result = *__first;
        -:  764:	      ++__result;
        -:  765:	      if (--__n > 0)
        -:  766:		++__first;
        -:  767:	      else
        -:  768:		break;
        -:  769:	    }
        -:  770:	}
        -:  771:      return __result;
        -:  772:    }
        -:  773:
        -:  774:  template<typename _RandomAccessIterator, typename _Size,
        -:  775:	   typename _OutputIterator>
        -:  776:    inline _OutputIterator
        -:  777:    __copy_n(_RandomAccessIterator __first, _Size __n,
        -:  778:	     _OutputIterator __result, random_access_iterator_tag)
        -:  779:    { return std::copy(__first, __first + __n, __result); }
        -:  780:
        -:  781:  /**
        -:  782:   *  @brief Copies the range [first,first+n) into [result,result+n).
        -:  783:   *  @ingroup mutating_algorithms
        -:  784:   *  @param  __first  An input iterator.
        -:  785:   *  @param  __n      The number of elements to copy.
        -:  786:   *  @param  __result An output iterator.
        -:  787:   *  @return  result+n.
        -:  788:   *
        -:  789:   *  This inline function will boil down to a call to @c memmove whenever
        -:  790:   *  possible.  Failing that, if random access iterators are passed, then the
        -:  791:   *  loop count will be known (and therefore a candidate for compiler
        -:  792:   *  optimizations such as unrolling).
        -:  793:  */
        -:  794:  template<typename _InputIterator, typename _Size, typename _OutputIterator>
        -:  795:    inline _OutputIterator
        -:  796:    copy_n(_InputIterator __first, _Size __n, _OutputIterator __result)
        -:  797:    {
        -:  798:      // concept requirements
        -:  799:      __glibcxx_function_requires(_InputIteratorConcept<_InputIterator>)
        -:  800:      __glibcxx_function_requires(_OutputIteratorConcept<_OutputIterator,
        -:  801:	    typename iterator_traits<_InputIterator>::value_type>)
        -:  802:
        -:  803:      return std::__copy_n(__first, __n, __result,
        -:  804:			   std::__iterator_category(__first));
        -:  805:    }
        -:  806:
        -:  807:  /**
        -:  808:   *  @brief Copy the elements of a sequence to separate output sequences
        -:  809:   *         depending on the truth value of a predicate.
        -:  810:   *  @ingroup mutating_algorithms
        -:  811:   *  @param  __first   An input iterator.
        -:  812:   *  @param  __last    An input iterator.
        -:  813:   *  @param  __out_true   An output iterator.
        -:  814:   *  @param  __out_false  An output iterator.
        -:  815:   *  @param  __pred    A predicate.
        -:  816:   *  @return   A pair designating the ends of the resulting sequences.
        -:  817:   *
        -:  818:   *  Copies each element in the range @p [__first,__last) for which
        -:  819:   *  @p __pred returns true to the range beginning at @p out_true
        -:  820:   *  and each element for which @p __pred returns false to @p __out_false.
        -:  821:  */
        -:  822:  template<typename _InputIterator, typename _OutputIterator1,
        -:  823:	   typename _OutputIterator2, typename _Predicate>
        -:  824:    pair<_OutputIterator1, _OutputIterator2>
        -:  825:    partition_copy(_InputIterator __first, _InputIterator __last,
        -:  826:		   _OutputIterator1 __out_true, _OutputIterator2 __out_false,
        -:  827:		   _Predicate __pred)
        -:  828:    {
        -:  829:      // concept requirements
        -:  830:      __glibcxx_function_requires(_InputIteratorConcept<_InputIterator>)
        -:  831:      __glibcxx_function_requires(_OutputIteratorConcept<_OutputIterator1,
        -:  832:	    typename iterator_traits<_InputIterator>::value_type>)
        -:  833:      __glibcxx_function_requires(_OutputIteratorConcept<_OutputIterator2,
        -:  834:	    typename iterator_traits<_InputIterator>::value_type>)
        -:  835:      __glibcxx_function_requires(_UnaryPredicateConcept<_Predicate,
        -:  836:	    typename iterator_traits<_InputIterator>::value_type>)
        -:  837:      __glibcxx_requires_valid_range(__first, __last);
        -:  838:      
        -:  839:      for (; __first != __last; ++__first)
        -:  840:	if (__pred(*__first))
        -:  841:	  {
        -:  842:	    *__out_true = *__first;
        -:  843:	    ++__out_true;
        -:  844:	  }
        -:  845:	else
        -:  846:	  {
        -:  847:	    *__out_false = *__first;
        -:  848:	    ++__out_false;
        -:  849:	  }
        -:  850:
        -:  851:      return pair<_OutputIterator1, _OutputIterator2>(__out_true, __out_false);
        -:  852:    }
        -:  853:#endif
        -:  854:
        -:  855:  template<typename _ForwardIterator, typename _Predicate>
        -:  856:    _ForwardIterator
    #####:  857:    __remove_if(_ForwardIterator __first, _ForwardIterator __last,
        -:  858:		_Predicate __pred)
        -:  859:    {
    #####:  860:      __first = std::__find_if(__first, __last, __pred);
    #####:  861:      if (__first == __last)
    #####:  862:	return __first;
    #####:  863:      _ForwardIterator __result = __first;
    #####:  864:      ++__first;
    #####:  865:      for (; __first != __last; ++__first)
    #####:  866:	if (!__pred(__first))
        -:  867:	  {
    #####:  868:	    *__result = _GLIBCXX_MOVE(*__first);
    #####:  869:	    ++__result;
        -:  870:	  }
    #####:  871:      return __result;
        -:  872:    }
        -:  873:
        -:  874:  /**
        -:  875:   *  @brief Remove elements from a sequence.
        -:  876:   *  @ingroup mutating_algorithms
        -:  877:   *  @param  __first  An input iterator.
        -:  878:   *  @param  __last   An input iterator.
        -:  879:   *  @param  __value  The value to be removed.
        -:  880:   *  @return   An iterator designating the end of the resulting sequence.
        -:  881:   *
        -:  882:   *  All elements equal to @p __value are removed from the range
        -:  883:   *  @p [__first,__last).
        -:  884:   *
        -:  885:   *  remove() is stable, so the relative order of elements that are
        -:  886:   *  not removed is unchanged.
        -:  887:   *
        -:  888:   *  Elements between the end of the resulting sequence and @p __last
        -:  889:   *  are still present, but their value is unspecified.
        -:  890:  */
        -:  891:  template<typename _ForwardIterator, typename _Tp>
        -:  892:    inline _ForwardIterator
    #####:  893:    remove(_ForwardIterator __first, _ForwardIterator __last,
        -:  894:	   const _Tp& __value)
        -:  895:    {
        -:  896:      // concept requirements
        -:  897:      __glibcxx_function_requires(_Mutable_ForwardIteratorConcept<
        -:  898:				  _ForwardIterator>)
        -:  899:      __glibcxx_function_requires(_EqualOpConcept<
        -:  900:	    typename iterator_traits<_ForwardIterator>::value_type, _Tp>)
        -:  901:      __glibcxx_requires_valid_range(__first, __last);
        -:  902:
    #####:  903:      return std::__remove_if(__first, __last,
    #####:  904:		__gnu_cxx::__ops::__iter_equals_val(__value));
        -:  905:    }
        -:  906:
        -:  907:  /**
        -:  908:   *  @brief Remove elements from a sequence using a predicate.
        -:  909:   *  @ingroup mutating_algorithms
        -:  910:   *  @param  __first  A forward iterator.
        -:  911:   *  @param  __last   A forward iterator.
        -:  912:   *  @param  __pred   A predicate.
        -:  913:   *  @return   An iterator designating the end of the resulting sequence.
        -:  914:   *
        -:  915:   *  All elements for which @p __pred returns true are removed from the range
        -:  916:   *  @p [__first,__last).
        -:  917:   *
        -:  918:   *  remove_if() is stable, so the relative order of elements that are
        -:  919:   *  not removed is unchanged.
        -:  920:   *
        -:  921:   *  Elements between the end of the resulting sequence and @p __last
        -:  922:   *  are still present, but their value is unspecified.
        -:  923:  */
        -:  924:  template<typename _ForwardIterator, typename _Predicate>
        -:  925:    inline _ForwardIterator
        -:  926:    remove_if(_ForwardIterator __first, _ForwardIterator __last,
        -:  927:	      _Predicate __pred)
        -:  928:    {
        -:  929:      // concept requirements
        -:  930:      __glibcxx_function_requires(_Mutable_ForwardIteratorConcept<
        -:  931:				  _ForwardIterator>)
        -:  932:      __glibcxx_function_requires(_UnaryPredicateConcept<_Predicate,
        -:  933:	    typename iterator_traits<_ForwardIterator>::value_type>)
        -:  934:      __glibcxx_requires_valid_range(__first, __last);
        -:  935:
        -:  936:      return std::__remove_if(__first, __last,
        -:  937:			      __gnu_cxx::__ops::__pred_iter(__pred));
        -:  938:    }
        -:  939:
        -:  940:  template<typename _ForwardIterator, typename _BinaryPredicate>
        -:  941:    _ForwardIterator
    #####:  942:    __adjacent_find(_ForwardIterator __first, _ForwardIterator __last,
        -:  943:		    _BinaryPredicate __binary_pred)
        -:  944:    {
    #####:  945:      if (__first == __last)
    #####:  946:	return __last;
    #####:  947:      _ForwardIterator __next = __first;
    #####:  948:      while (++__next != __last)
        -:  949:	{
    #####:  950:	  if (__binary_pred(__first, __next))
    #####:  951:	    return __first;
    #####:  952:	  __first = __next;
        -:  953:	}
    #####:  954:      return __last;
        -:  955:    }
        -:  956:
        -:  957:  template<typename _ForwardIterator, typename _BinaryPredicate>
        -:  958:    _ForwardIterator
    #####:  959:    __unique(_ForwardIterator __first, _ForwardIterator __last,
        -:  960:	     _BinaryPredicate __binary_pred)
        -:  961:    {
        -:  962:      // Skip the beginning, if already unique.
    #####:  963:      __first = std::__adjacent_find(__first, __last, __binary_pred);
    #####:  964:      if (__first == __last)
    #####:  965:	return __last;
        -:  966:
        -:  967:      // Do the real copy work.
    #####:  968:      _ForwardIterator __dest = __first;
    #####:  969:      ++__first;
    #####:  970:      while (++__first != __last)
    #####:  971:	if (!__binary_pred(__dest, __first))
    #####:  972:	  *++__dest = _GLIBCXX_MOVE(*__first);
    #####:  973:      return ++__dest;
        -:  974:    }
        -:  975:
        -:  976:  /**
        -:  977:   *  @brief Remove consecutive duplicate values from a sequence.
        -:  978:   *  @ingroup mutating_algorithms
        -:  979:   *  @param  __first  A forward iterator.
        -:  980:   *  @param  __last   A forward iterator.
        -:  981:   *  @return  An iterator designating the end of the resulting sequence.
        -:  982:   *
        -:  983:   *  Removes all but the first element from each group of consecutive
        -:  984:   *  values that compare equal.
        -:  985:   *  unique() is stable, so the relative order of elements that are
        -:  986:   *  not removed is unchanged.
        -:  987:   *  Elements between the end of the resulting sequence and @p __last
        -:  988:   *  are still present, but their value is unspecified.
        -:  989:  */
        -:  990:  template<typename _ForwardIterator>
        -:  991:    inline _ForwardIterator
    #####:  992:    unique(_ForwardIterator __first, _ForwardIterator __last)
        -:  993:    {
        -:  994:      // concept requirements
        -:  995:      __glibcxx_function_requires(_Mutable_ForwardIteratorConcept<
        -:  996:				  _ForwardIterator>)
        -:  997:      __glibcxx_function_requires(_EqualityComparableConcept<
        -:  998:		     typename iterator_traits<_ForwardIterator>::value_type>)
        -:  999:      __glibcxx_requires_valid_range(__first, __last);
        -: 1000:
        -: 1001:      return std::__unique(__first, __last,
    #####: 1002:			   __gnu_cxx::__ops::__iter_equal_to_iter());
        -: 1003:    }
        -: 1004:
        -: 1005:  /**
        -: 1006:   *  @brief Remove consecutive values from a sequence using a predicate.
        -: 1007:   *  @ingroup mutating_algorithms
        -: 1008:   *  @param  __first        A forward iterator.
        -: 1009:   *  @param  __last         A forward iterator.
        -: 1010:   *  @param  __binary_pred  A binary predicate.
        -: 1011:   *  @return  An iterator designating the end of the resulting sequence.
        -: 1012:   *
        -: 1013:   *  Removes all but the first element from each group of consecutive
        -: 1014:   *  values for which @p __binary_pred returns true.
        -: 1015:   *  unique() is stable, so the relative order of elements that are
        -: 1016:   *  not removed is unchanged.
        -: 1017:   *  Elements between the end of the resulting sequence and @p __last
        -: 1018:   *  are still present, but their value is unspecified.
        -: 1019:  */
        -: 1020:  template<typename _ForwardIterator, typename _BinaryPredicate>
        -: 1021:    inline _ForwardIterator
        -: 1022:    unique(_ForwardIterator __first, _ForwardIterator __last,
        -: 1023:	   _BinaryPredicate __binary_pred)
        -: 1024:    {
        -: 1025:      // concept requirements
        -: 1026:      __glibcxx_function_requires(_Mutable_ForwardIteratorConcept<
        -: 1027:				  _ForwardIterator>)
        -: 1028:      __glibcxx_function_requires(_BinaryPredicateConcept<_BinaryPredicate,
        -: 1029:		typename iterator_traits<_ForwardIterator>::value_type,
        -: 1030:		typename iterator_traits<_ForwardIterator>::value_type>)
        -: 1031:      __glibcxx_requires_valid_range(__first, __last);
        -: 1032:
        -: 1033:      return std::__unique(__first, __last,
        -: 1034:			   __gnu_cxx::__ops::__iter_comp_iter(__binary_pred));
        -: 1035:    }
        -: 1036:
        -: 1037:  /**
        -: 1038:   *  This is an uglified
        -: 1039:   *  unique_copy(_InputIterator, _InputIterator, _OutputIterator,
        -: 1040:   *              _BinaryPredicate)
        -: 1041:   *  overloaded for forward iterators and output iterator as result.
        -: 1042:  */
        -: 1043:  template<typename _ForwardIterator, typename _OutputIterator,
        -: 1044:	   typename _BinaryPredicate>
        -: 1045:    _OutputIterator
        -: 1046:    __unique_copy(_ForwardIterator __first, _ForwardIterator __last,
        -: 1047:		  _OutputIterator __result, _BinaryPredicate __binary_pred,
        -: 1048:		  forward_iterator_tag, output_iterator_tag)
        -: 1049:    {
        -: 1050:      // concept requirements -- iterators already checked
        -: 1051:      __glibcxx_function_requires(_BinaryPredicateConcept<_BinaryPredicate,
        -: 1052:	  typename iterator_traits<_ForwardIterator>::value_type,
        -: 1053:	  typename iterator_traits<_ForwardIterator>::value_type>)
        -: 1054:
        -: 1055:      _ForwardIterator __next = __first;
        -: 1056:      *__result = *__first;
        -: 1057:      while (++__next != __last)
        -: 1058:	if (!__binary_pred(__first, __next))
        -: 1059:	  {
        -: 1060:	    __first = __next;
        -: 1061:	    *++__result = *__first;
        -: 1062:	  }
        -: 1063:      return ++__result;
        -: 1064:    }
        -: 1065:
        -: 1066:  /**
        -: 1067:   *  This is an uglified
        -: 1068:   *  unique_copy(_InputIterator, _InputIterator, _OutputIterator,
        -: 1069:   *              _BinaryPredicate)
        -: 1070:   *  overloaded for input iterators and output iterator as result.
        -: 1071:  */
        -: 1072:  template<typename _InputIterator, typename _OutputIterator,
        -: 1073:	   typename _BinaryPredicate>
        -: 1074:    _OutputIterator
        -: 1075:    __unique_copy(_InputIterator __first, _InputIterator __last,
        -: 1076:		  _OutputIterator __result, _BinaryPredicate __binary_pred,
        -: 1077:		  input_iterator_tag, output_iterator_tag)
        -: 1078:    {
        -: 1079:      // concept requirements -- iterators already checked
        -: 1080:      __glibcxx_function_requires(_BinaryPredicateConcept<_BinaryPredicate,
        -: 1081:	  typename iterator_traits<_InputIterator>::value_type,
        -: 1082:	  typename iterator_traits<_InputIterator>::value_type>)
        -: 1083:
        -: 1084:      typename iterator_traits<_InputIterator>::value_type __value = *__first;
        -: 1085:      __decltype(__gnu_cxx::__ops::__iter_comp_val(__binary_pred))
        -: 1086:	__rebound_pred
        -: 1087:	= __gnu_cxx::__ops::__iter_comp_val(__binary_pred);
        -: 1088:      *__result = __value;
        -: 1089:      while (++__first != __last)
        -: 1090:	if (!__rebound_pred(__first, __value))
        -: 1091:	  {
        -: 1092:	    __value = *__first;
        -: 1093:	    *++__result = __value;
        -: 1094:	  }
        -: 1095:      return ++__result;
        -: 1096:    }
        -: 1097:
        -: 1098:  /**
        -: 1099:   *  This is an uglified
        -: 1100:   *  unique_copy(_InputIterator, _InputIterator, _OutputIterator,
        -: 1101:   *              _BinaryPredicate)
        -: 1102:   *  overloaded for input iterators and forward iterator as result.
        -: 1103:  */
        -: 1104:  template<typename _InputIterator, typename _ForwardIterator,
        -: 1105:	   typename _BinaryPredicate>
        -: 1106:    _ForwardIterator
        -: 1107:    __unique_copy(_InputIterator __first, _InputIterator __last,
        -: 1108:		  _ForwardIterator __result, _BinaryPredicate __binary_pred,
        -: 1109:		  input_iterator_tag, forward_iterator_tag)
        -: 1110:    {
        -: 1111:      // concept requirements -- iterators already checked
        -: 1112:      __glibcxx_function_requires(_BinaryPredicateConcept<_BinaryPredicate,
        -: 1113:	  typename iterator_traits<_ForwardIterator>::value_type,
        -: 1114:	  typename iterator_traits<_InputIterator>::value_type>)
        -: 1115:      *__result = *__first;
        -: 1116:      while (++__first != __last)
        -: 1117:	if (!__binary_pred(__result, __first))
        -: 1118:	  *++__result = *__first;
        -: 1119:      return ++__result;
        -: 1120:    }
        -: 1121:
        -: 1122:  /**
        -: 1123:   *  This is an uglified reverse(_BidirectionalIterator,
        -: 1124:   *                              _BidirectionalIterator)
        -: 1125:   *  overloaded for bidirectional iterators.
        -: 1126:  */
        -: 1127:  template<typename _BidirectionalIterator>
        -: 1128:    void
        -: 1129:    __reverse(_BidirectionalIterator __first, _BidirectionalIterator __last,
        -: 1130:	      bidirectional_iterator_tag)
        -: 1131:    {
        -: 1132:      while (true)
        -: 1133:	if (__first == __last || __first == --__last)
        -: 1134:	  return;
        -: 1135:	else
        -: 1136:	  {
        -: 1137:	    std::iter_swap(__first, __last);
        -: 1138:	    ++__first;
        -: 1139:	  }
        -: 1140:    }
        -: 1141:
        -: 1142:  /**
        -: 1143:   *  This is an uglified reverse(_BidirectionalIterator,
        -: 1144:   *                              _BidirectionalIterator)
        -: 1145:   *  overloaded for random access iterators.
        -: 1146:  */
        -: 1147:  template<typename _RandomAccessIterator>
        -: 1148:    void
        -: 1149:    __reverse(_RandomAccessIterator __first, _RandomAccessIterator __last,
        -: 1150:	      random_access_iterator_tag)
        -: 1151:    {
        -: 1152:      if (__first == __last)
        -: 1153:	return;
        -: 1154:      --__last;
        -: 1155:      while (__first < __last)
        -: 1156:	{
        -: 1157:	  std::iter_swap(__first, __last);
        -: 1158:	  ++__first;
        -: 1159:	  --__last;
        -: 1160:	}
        -: 1161:    }
        -: 1162:
        -: 1163:  /**
        -: 1164:   *  @brief Reverse a sequence.
        -: 1165:   *  @ingroup mutating_algorithms
        -: 1166:   *  @param  __first  A bidirectional iterator.
        -: 1167:   *  @param  __last   A bidirectional iterator.
        -: 1168:   *  @return   reverse() returns no value.
        -: 1169:   *
        -: 1170:   *  Reverses the order of the elements in the range @p [__first,__last),
        -: 1171:   *  so that the first element becomes the last etc.
        -: 1172:   *  For every @c i such that @p 0<=i<=(__last-__first)/2), @p reverse()
        -: 1173:   *  swaps @p *(__first+i) and @p *(__last-(i+1))
        -: 1174:  */
        -: 1175:  template<typename _BidirectionalIterator>
        -: 1176:    inline void
        -: 1177:    reverse(_BidirectionalIterator __first, _BidirectionalIterator __last)
        -: 1178:    {
        -: 1179:      // concept requirements
        -: 1180:      __glibcxx_function_requires(_Mutable_BidirectionalIteratorConcept<
        -: 1181:				  _BidirectionalIterator>)
        -: 1182:      __glibcxx_requires_valid_range(__first, __last);
        -: 1183:      std::__reverse(__first, __last, std::__iterator_category(__first));
        -: 1184:    }
        -: 1185:
        -: 1186:  /**
        -: 1187:   *  @brief Copy a sequence, reversing its elements.
        -: 1188:   *  @ingroup mutating_algorithms
        -: 1189:   *  @param  __first   A bidirectional iterator.
        -: 1190:   *  @param  __last    A bidirectional iterator.
        -: 1191:   *  @param  __result  An output iterator.
        -: 1192:   *  @return  An iterator designating the end of the resulting sequence.
        -: 1193:   *
        -: 1194:   *  Copies the elements in the range @p [__first,__last) to the
        -: 1195:   *  range @p [__result,__result+(__last-__first)) such that the
        -: 1196:   *  order of the elements is reversed.  For every @c i such that @p
        -: 1197:   *  0<=i<=(__last-__first), @p reverse_copy() performs the
        -: 1198:   *  assignment @p *(__result+(__last-__first)-1-i) = *(__first+i).
        -: 1199:   *  The ranges @p [__first,__last) and @p
        -: 1200:   *  [__result,__result+(__last-__first)) must not overlap.
        -: 1201:  */
        -: 1202:  template<typename _BidirectionalIterator, typename _OutputIterator>
        -: 1203:    _OutputIterator
        -: 1204:    reverse_copy(_BidirectionalIterator __first, _BidirectionalIterator __last,
        -: 1205:		 _OutputIterator __result)
        -: 1206:    {
        -: 1207:      // concept requirements
        -: 1208:      __glibcxx_function_requires(_BidirectionalIteratorConcept<
        -: 1209:				  _BidirectionalIterator>)
        -: 1210:      __glibcxx_function_requires(_OutputIteratorConcept<_OutputIterator,
        -: 1211:		typename iterator_traits<_BidirectionalIterator>::value_type>)
        -: 1212:      __glibcxx_requires_valid_range(__first, __last);
        -: 1213:
        -: 1214:      while (__first != __last)
        -: 1215:	{
        -: 1216:	  --__last;
        -: 1217:	  *__result = *__last;
        -: 1218:	  ++__result;
        -: 1219:	}
        -: 1220:      return __result;
        -: 1221:    }
        -: 1222:
        -: 1223:  /**
        -: 1224:   *  This is a helper function for the rotate algorithm specialized on RAIs.
        -: 1225:   *  It returns the greatest common divisor of two integer values.
        -: 1226:  */
        -: 1227:  template<typename _EuclideanRingElement>
        -: 1228:    _EuclideanRingElement
        -: 1229:    __gcd(_EuclideanRingElement __m, _EuclideanRingElement __n)
        -: 1230:    {
        -: 1231:      while (__n != 0)
        -: 1232:	{
        -: 1233:	  _EuclideanRingElement __t = __m % __n;
        -: 1234:	  __m = __n;
        -: 1235:	  __n = __t;
        -: 1236:	}
        -: 1237:      return __m;
        -: 1238:    }
        -: 1239:
        -: 1240:  inline namespace _V2
        -: 1241:  {
        -: 1242:
        -: 1243:  /// This is a helper function for the rotate algorithm.
        -: 1244:  template<typename _ForwardIterator>
        -: 1245:    _ForwardIterator
        -: 1246:    __rotate(_ForwardIterator __first,
        -: 1247:	     _ForwardIterator __middle,
        -: 1248:	     _ForwardIterator __last,
        -: 1249:	     forward_iterator_tag)
        -: 1250:    {
        -: 1251:      if (__first == __middle)
        -: 1252:	return __last;
        -: 1253:      else if (__last  == __middle)
        -: 1254:	return __first;
        -: 1255:
        -: 1256:      _ForwardIterator __first2 = __middle;
        -: 1257:      do
        -: 1258:	{
        -: 1259:	  std::iter_swap(__first, __first2);
        -: 1260:	  ++__first;
        -: 1261:	  ++__first2;
        -: 1262:	  if (__first == __middle)
        -: 1263:	    __middle = __first2;
        -: 1264:	}
        -: 1265:      while (__first2 != __last);
        -: 1266:
        -: 1267:      _ForwardIterator __ret = __first;
        -: 1268:
        -: 1269:      __first2 = __middle;
        -: 1270:
        -: 1271:      while (__first2 != __last)
        -: 1272:	{
        -: 1273:	  std::iter_swap(__first, __first2);
        -: 1274:	  ++__first;
        -: 1275:	  ++__first2;
        -: 1276:	  if (__first == __middle)
        -: 1277:	    __middle = __first2;
        -: 1278:	  else if (__first2 == __last)
        -: 1279:	    __first2 = __middle;
        -: 1280:	}
        -: 1281:      return __ret;
        -: 1282:    }
        -: 1283:
        -: 1284:   /// This is a helper function for the rotate algorithm.
        -: 1285:  template<typename _BidirectionalIterator>
        -: 1286:    _BidirectionalIterator
        -: 1287:    __rotate(_BidirectionalIterator __first,
        -: 1288:	     _BidirectionalIterator __middle,
        -: 1289:	     _BidirectionalIterator __last,
        -: 1290:	      bidirectional_iterator_tag)
        -: 1291:    {
        -: 1292:      // concept requirements
        -: 1293:      __glibcxx_function_requires(_Mutable_BidirectionalIteratorConcept<
        -: 1294:				  _BidirectionalIterator>)
        -: 1295:
        -: 1296:      if (__first == __middle)
        -: 1297:	return __last;
        -: 1298:      else if (__last  == __middle)
        -: 1299:	return __first;
        -: 1300:
        -: 1301:      std::__reverse(__first,  __middle, bidirectional_iterator_tag());
        -: 1302:      std::__reverse(__middle, __last,   bidirectional_iterator_tag());
        -: 1303:
        -: 1304:      while (__first != __middle && __middle != __last)
        -: 1305:	{
        -: 1306:	  std::iter_swap(__first, --__last);
        -: 1307:	  ++__first;
        -: 1308:	}
        -: 1309:
        -: 1310:      if (__first == __middle)
        -: 1311:	{
        -: 1312:	  std::__reverse(__middle, __last,   bidirectional_iterator_tag());
        -: 1313:	  return __last;
        -: 1314:	}
        -: 1315:      else
        -: 1316:	{
        -: 1317:	  std::__reverse(__first,  __middle, bidirectional_iterator_tag());
        -: 1318:	  return __first;
        -: 1319:	}
        -: 1320:    }
        -: 1321:
        -: 1322:  /// This is a helper function for the rotate algorithm.
        -: 1323:  template<typename _RandomAccessIterator>
        -: 1324:    _RandomAccessIterator
        -: 1325:    __rotate(_RandomAccessIterator __first,
        -: 1326:	     _RandomAccessIterator __middle,
        -: 1327:	     _RandomAccessIterator __last,
        -: 1328:	     random_access_iterator_tag)
        -: 1329:    {
        -: 1330:      // concept requirements
        -: 1331:      __glibcxx_function_requires(_Mutable_RandomAccessIteratorConcept<
        -: 1332:				  _RandomAccessIterator>)
        -: 1333:
        -: 1334:      if (__first == __middle)
        -: 1335:	return __last;
        -: 1336:      else if (__last  == __middle)
        -: 1337:	return __first;
        -: 1338:
        -: 1339:      typedef typename iterator_traits<_RandomAccessIterator>::difference_type
        -: 1340:	_Distance;
        -: 1341:      typedef typename iterator_traits<_RandomAccessIterator>::value_type
        -: 1342:	_ValueType;
        -: 1343:
        -: 1344:      _Distance __n = __last   - __first;
        -: 1345:      _Distance __k = __middle - __first;
        -: 1346:
        -: 1347:      if (__k == __n - __k)
        -: 1348:	{
        -: 1349:	  std::swap_ranges(__first, __middle, __middle);
        -: 1350:	  return __middle;
        -: 1351:	}
        -: 1352:
        -: 1353:      _RandomAccessIterator __p = __first;
        -: 1354:      _RandomAccessIterator __ret = __first + (__last - __middle);
        -: 1355:
        -: 1356:      for (;;)
        -: 1357:	{
        -: 1358:	  if (__k < __n - __k)
        -: 1359:	    {
        -: 1360:	      if (__is_pod(_ValueType) && __k == 1)
        -: 1361:		{
        -: 1362:		  _ValueType __t = _GLIBCXX_MOVE(*__p);
        -: 1363:		  _GLIBCXX_MOVE3(__p + 1, __p + __n, __p);
        -: 1364:		  *(__p + __n - 1) = _GLIBCXX_MOVE(__t);
        -: 1365:		  return __ret;
        -: 1366:		}
        -: 1367:	      _RandomAccessIterator __q = __p + __k;
        -: 1368:	      for (_Distance __i = 0; __i < __n - __k; ++ __i)
        -: 1369:		{
        -: 1370:		  std::iter_swap(__p, __q);
        -: 1371:		  ++__p;
        -: 1372:		  ++__q;
        -: 1373:		}
        -: 1374:	      __n %= __k;
        -: 1375:	      if (__n == 0)
        -: 1376:		return __ret;
        -: 1377:	      std::swap(__n, __k);
        -: 1378:	      __k = __n - __k;
        -: 1379:	    }
        -: 1380:	  else
        -: 1381:	    {
        -: 1382:	      __k = __n - __k;
        -: 1383:	      if (__is_pod(_ValueType) && __k == 1)
        -: 1384:		{
        -: 1385:		  _ValueType __t = _GLIBCXX_MOVE(*(__p + __n - 1));
        -: 1386:		  _GLIBCXX_MOVE_BACKWARD3(__p, __p + __n - 1, __p + __n);
        -: 1387:		  *__p = _GLIBCXX_MOVE(__t);
        -: 1388:		  return __ret;
        -: 1389:		}
        -: 1390:	      _RandomAccessIterator __q = __p + __n;
        -: 1391:	      __p = __q - __k;
        -: 1392:	      for (_Distance __i = 0; __i < __n - __k; ++ __i)
        -: 1393:		{
        -: 1394:		  --__p;
        -: 1395:		  --__q;
        -: 1396:		  std::iter_swap(__p, __q);
        -: 1397:		}
        -: 1398:	      __n %= __k;
        -: 1399:	      if (__n == 0)
        -: 1400:		return __ret;
        -: 1401:	      std::swap(__n, __k);
        -: 1402:	    }
        -: 1403:	}
        -: 1404:    }
        -: 1405:
        -: 1406:   // _GLIBCXX_RESOLVE_LIB_DEFECTS
        -: 1407:   // DR 488. rotate throws away useful information
        -: 1408:  /**
        -: 1409:   *  @brief Rotate the elements of a sequence.
        -: 1410:   *  @ingroup mutating_algorithms
        -: 1411:   *  @param  __first   A forward iterator.
        -: 1412:   *  @param  __middle  A forward iterator.
        -: 1413:   *  @param  __last    A forward iterator.
        -: 1414:   *  @return  first + (last - middle).
        -: 1415:   *
        -: 1416:   *  Rotates the elements of the range @p [__first,__last) by 
        -: 1417:   *  @p (__middle - __first) positions so that the element at @p __middle
        -: 1418:   *  is moved to @p __first, the element at @p __middle+1 is moved to
        -: 1419:   *  @p __first+1 and so on for each element in the range
        -: 1420:   *  @p [__first,__last).
        -: 1421:   *
        -: 1422:   *  This effectively swaps the ranges @p [__first,__middle) and
        -: 1423:   *  @p [__middle,__last).
        -: 1424:   *
        -: 1425:   *  Performs
        -: 1426:   *   @p *(__first+(n+(__last-__middle))%(__last-__first))=*(__first+n)
        -: 1427:   *  for each @p n in the range @p [0,__last-__first).
        -: 1428:  */
        -: 1429:  template<typename _ForwardIterator>
        -: 1430:    inline _ForwardIterator
        -: 1431:    rotate(_ForwardIterator __first, _ForwardIterator __middle,
        -: 1432:	   _ForwardIterator __last)
        -: 1433:    {
        -: 1434:      // concept requirements
        -: 1435:      __glibcxx_function_requires(_Mutable_ForwardIteratorConcept<
        -: 1436:				  _ForwardIterator>)
        -: 1437:      __glibcxx_requires_valid_range(__first, __middle);
        -: 1438:      __glibcxx_requires_valid_range(__middle, __last);
        -: 1439:
        -: 1440:      return std::__rotate(__first, __middle, __last,
        -: 1441:			   std::__iterator_category(__first));
        -: 1442:    }
        -: 1443:
        -: 1444:  } // namespace _V2
        -: 1445:
        -: 1446:  /**
        -: 1447:   *  @brief Copy a sequence, rotating its elements.
        -: 1448:   *  @ingroup mutating_algorithms
        -: 1449:   *  @param  __first   A forward iterator.
        -: 1450:   *  @param  __middle  A forward iterator.
        -: 1451:   *  @param  __last    A forward iterator.
        -: 1452:   *  @param  __result  An output iterator.
        -: 1453:   *  @return   An iterator designating the end of the resulting sequence.
        -: 1454:   *
        -: 1455:   *  Copies the elements of the range @p [__first,__last) to the
        -: 1456:   *  range beginning at @result, rotating the copied elements by 
        -: 1457:   *  @p (__middle-__first) positions so that the element at @p __middle
        -: 1458:   *  is moved to @p __result, the element at @p __middle+1 is moved
        -: 1459:   *  to @p __result+1 and so on for each element in the range @p
        -: 1460:   *  [__first,__last).
        -: 1461:   *
        -: 1462:   *  Performs 
        -: 1463:   *  @p *(__result+(n+(__last-__middle))%(__last-__first))=*(__first+n)
        -: 1464:   *  for each @p n in the range @p [0,__last-__first).
        -: 1465:  */
        -: 1466:  template<typename _ForwardIterator, typename _OutputIterator>
        -: 1467:    inline _OutputIterator
        -: 1468:    rotate_copy(_ForwardIterator __first, _ForwardIterator __middle,
        -: 1469:		_ForwardIterator __last, _OutputIterator __result)
        -: 1470:    {
        -: 1471:      // concept requirements
        -: 1472:      __glibcxx_function_requires(_ForwardIteratorConcept<_ForwardIterator>)
        -: 1473:      __glibcxx_function_requires(_OutputIteratorConcept<_OutputIterator,
        -: 1474:		typename iterator_traits<_ForwardIterator>::value_type>)
        -: 1475:      __glibcxx_requires_valid_range(__first, __middle);
        -: 1476:      __glibcxx_requires_valid_range(__middle, __last);
        -: 1477:
        -: 1478:      return std::copy(__first, __middle,
        -: 1479:		       std::copy(__middle, __last, __result));
        -: 1480:    }
        -: 1481:
        -: 1482:  /// This is a helper function...
        -: 1483:  template<typename _ForwardIterator, typename _Predicate>
        -: 1484:    _ForwardIterator
        -: 1485:    __partition(_ForwardIterator __first, _ForwardIterator __last,
        -: 1486:		_Predicate __pred, forward_iterator_tag)
        -: 1487:    {
        -: 1488:      if (__first == __last)
        -: 1489:	return __first;
        -: 1490:
        -: 1491:      while (__pred(*__first))
        -: 1492:	if (++__first == __last)
        -: 1493:	  return __first;
        -: 1494:
        -: 1495:      _ForwardIterator __next = __first;
        -: 1496:
        -: 1497:      while (++__next != __last)
        -: 1498:	if (__pred(*__next))
        -: 1499:	  {
        -: 1500:	    std::iter_swap(__first, __next);
        -: 1501:	    ++__first;
        -: 1502:	  }
        -: 1503:
        -: 1504:      return __first;
        -: 1505:    }
        -: 1506:
        -: 1507:  /// This is a helper function...
        -: 1508:  template<typename _BidirectionalIterator, typename _Predicate>
        -: 1509:    _BidirectionalIterator
        -: 1510:    __partition(_BidirectionalIterator __first, _BidirectionalIterator __last,
        -: 1511:		_Predicate __pred, bidirectional_iterator_tag)
        -: 1512:    {
        -: 1513:      while (true)
        -: 1514:	{
        -: 1515:	  while (true)
        -: 1516:	    if (__first == __last)
        -: 1517:	      return __first;
        -: 1518:	    else if (__pred(*__first))
        -: 1519:	      ++__first;
        -: 1520:	    else
        -: 1521:	      break;
        -: 1522:	  --__last;
        -: 1523:	  while (true)
        -: 1524:	    if (__first == __last)
        -: 1525:	      return __first;
        -: 1526:	    else if (!bool(__pred(*__last)))
        -: 1527:	      --__last;
        -: 1528:	    else
        -: 1529:	      break;
        -: 1530:	  std::iter_swap(__first, __last);
        -: 1531:	  ++__first;
        -: 1532:	}
        -: 1533:    }
        -: 1534:
        -: 1535:  // partition
        -: 1536:
        -: 1537:  /// This is a helper function...
        -: 1538:  /// Requires __first != __last and !__pred(__first)
        -: 1539:  /// and __len == distance(__first, __last).
        -: 1540:  ///
        -: 1541:  /// !__pred(__first) allows us to guarantee that we don't
        -: 1542:  /// move-assign an element onto itself.
        -: 1543:  template<typename _ForwardIterator, typename _Pointer, typename _Predicate,
        -: 1544:	   typename _Distance>
        -: 1545:    _ForwardIterator
        -: 1546:    __stable_partition_adaptive(_ForwardIterator __first,
        -: 1547:				_ForwardIterator __last,
        -: 1548:				_Predicate __pred, _Distance __len,
        -: 1549:				_Pointer __buffer,
        -: 1550:				_Distance __buffer_size)
        -: 1551:    {
        -: 1552:      if (__len == 1)
        -: 1553:	return __first;
        -: 1554:
        -: 1555:      if (__len <= __buffer_size)
        -: 1556:	{
        -: 1557:	  _ForwardIterator __result1 = __first;
        -: 1558:	  _Pointer __result2 = __buffer;
        -: 1559:
        -: 1560:	  // The precondition guarantees that !__pred(__first), so
        -: 1561:	  // move that element to the buffer before starting the loop.
        -: 1562:	  // This ensures that we only call __pred once per element.
        -: 1563:	  *__result2 = _GLIBCXX_MOVE(*__first);
        -: 1564:	  ++__result2;
        -: 1565:	  ++__first;
        -: 1566:	  for (; __first != __last; ++__first)
        -: 1567:	    if (__pred(__first))
        -: 1568:	      {
        -: 1569:		*__result1 = _GLIBCXX_MOVE(*__first);
        -: 1570:		++__result1;
        -: 1571:	      }
        -: 1572:	    else
        -: 1573:	      {
        -: 1574:		*__result2 = _GLIBCXX_MOVE(*__first);
        -: 1575:		++__result2;
        -: 1576:	      }
        -: 1577:
        -: 1578:	  _GLIBCXX_MOVE3(__buffer, __result2, __result1);
        -: 1579:	  return __result1;
        -: 1580:	}
        -: 1581:
        -: 1582:      _ForwardIterator __middle = __first;
        -: 1583:      std::advance(__middle, __len / 2);
        -: 1584:      _ForwardIterator __left_split =
        -: 1585:	std::__stable_partition_adaptive(__first, __middle, __pred,
        -: 1586:					 __len / 2, __buffer,
        -: 1587:					 __buffer_size);
        -: 1588:
        -: 1589:      // Advance past true-predicate values to satisfy this
        -: 1590:      // function's preconditions.
        -: 1591:      _Distance __right_len = __len - __len / 2;
        -: 1592:      _ForwardIterator __right_split =
        -: 1593:	std::__find_if_not_n(__middle, __right_len, __pred);
        -: 1594:
        -: 1595:      if (__right_len)
        -: 1596:	__right_split =
        -: 1597:	  std::__stable_partition_adaptive(__right_split, __last, __pred,
        -: 1598:					   __right_len,
        -: 1599:					   __buffer, __buffer_size);
        -: 1600:
        -: 1601:      std::rotate(__left_split, __middle, __right_split);
        -: 1602:      std::advance(__left_split, std::distance(__middle, __right_split));
        -: 1603:      return __left_split;
        -: 1604:    }
        -: 1605:
        -: 1606:  template<typename _ForwardIterator, typename _Predicate>
        -: 1607:    _ForwardIterator
        -: 1608:    __stable_partition(_ForwardIterator __first, _ForwardIterator __last,
        -: 1609:		       _Predicate __pred)
        -: 1610:    {
        -: 1611:      __first = std::__find_if_not(__first, __last, __pred);
        -: 1612:
        -: 1613:      if (__first == __last)
        -: 1614:	return __first;
        -: 1615:
        -: 1616:      typedef typename iterator_traits<_ForwardIterator>::value_type
        -: 1617:	_ValueType;
        -: 1618:      typedef typename iterator_traits<_ForwardIterator>::difference_type
        -: 1619:	_DistanceType;
        -: 1620:
        -: 1621:      _Temporary_buffer<_ForwardIterator, _ValueType> __buf(__first, __last);
        -: 1622:      return
        -: 1623:	std::__stable_partition_adaptive(__first, __last, __pred,
        -: 1624:					 _DistanceType(__buf.requested_size()),
        -: 1625:					 __buf.begin(),
[...]
        -: 5239:   *  advance.  The output range may not overlap either input range.
        -: 5240:  */
        -: 5241:  template<typename _InputIterator1, typename _InputIterator2,
        -: 5242:	   typename _OutputIterator>
        -: 5243:    inline _OutputIterator
        -: 5244:    set_difference(_InputIterator1 __first1, _InputIterator1 __last1,
        -: 5245:		   _InputIterator2 __first2, _InputIterator2 __last2,
        -: 5246:		   _OutputIterator __result)
        -: 5247:    {
        -: 5248:      // concept requirements
        -: 5249:      __glibcxx_function_requires(_InputIteratorConcept<_InputIterator1>)
        -: 5250:      __glibcxx_function_requires(_InputIteratorConcept<_InputIterator2>)
        -: 5251:      __glibcxx_function_requires(_OutputIteratorConcept<_OutputIterator,
        -: 5252:	    typename iterator_traits<_InputIterator1>::value_type>)
        -: 5253:      __glibcxx_function_requires(_LessThanOpConcept<
        -: 5254:	    typename iterator_traits<_InputIterator1>::value_type,
        -: 5255:	    typename iterator_traits<_InputIterator2>::value_type>)
        -: 5256:      __glibcxx_function_requires(_LessThanOpConcept<
        -: 5257:	    typename iterator_traits<_InputIterator2>::value_type,
        -: 5258:	    typename iterator_traits<_InputIterator1>::value_type>)	
        -: 5259:      __glibcxx_requires_sorted_set(__first1, __last1, __first2);
        -: 5260:      __glibcxx_requires_sorted_set(__first2, __last2, __first1);
        -: 5261:      __glibcxx_requires_irreflexive2(__first1, __last1);
        -: 5262:      __glibcxx_requires_irreflexive2(__first2, __last2);
        -: 5263:
        -: 5264:      return _GLIBCXX_STD_A::__set_difference(__first1, __last1,
        -: 5265:				   __first2, __last2, __result,
        -: 5266:				   __gnu_cxx::__ops::__iter_less_iter());
        -: 5267:    }
        -: 5268:
        -: 5269:  /**
        -: 5270:   *  @brief  Return the difference of two sorted ranges using comparison
        -: 5271:   *  functor.
        -: 5272:   *  @ingroup set_algorithms
        -: 5273:   *  @param  __first1  Start of first range.
        -: 5274:   *  @param  __last1   End of first range.
        -: 5275:   *  @param  __first2  Start of second range.
        -: 5276:   *  @param  __last2   End of second range.
        -: 5277:   *  @param  __comp    The comparison functor.
        -: 5278:   *  @return  End of the output range.
        -: 5279:   *  @ingroup set_algorithms
        -: 5280:   *
        -: 5281:   *  This operation iterates over both ranges, copying elements present in
        -: 5282:   *  the first range but not the second in order to the output range.
        -: 5283:   *  Iterators increment for each range.  When the current element of the
        -: 5284:   *  first range is less than the second according to @p __comp, that element
        -: 5285:   *  is copied and the iterator advances.  If the current element of the
        -: 5286:   *  second range is less, no element is copied and the iterator advances.
        -: 5287:   *  If an element is contained in both ranges according to @p __comp, no
        -: 5288:   *  elements are copied and both ranges advance.  The output range may not
        -: 5289:   *  overlap either input range.
        -: 5290:  */
        -: 5291:  template<typename _InputIterator1, typename _InputIterator2,
        -: 5292:	   typename _OutputIterator, typename _Compare>
        -: 5293:    inline _OutputIterator
        -: 5294:    set_difference(_InputIterator1 __first1, _InputIterator1 __last1,
        -: 5295:		   _InputIterator2 __first2, _InputIterator2 __last2,
        -: 5296:		   _OutputIterator __result, _Compare __comp)
        -: 5297:    {
        -: 5298:      // concept requirements
        -: 5299:      __glibcxx_function_requires(_InputIteratorConcept<_InputIterator1>)
        -: 5300:      __glibcxx_function_requires(_InputIteratorConcept<_InputIterator2>)
        -: 5301:      __glibcxx_function_requires(_OutputIteratorConcept<_OutputIterator,
        -: 5302:	    typename iterator_traits<_InputIterator1>::value_type>)
        -: 5303:      __glibcxx_function_requires(_BinaryPredicateConcept<_Compare,
        -: 5304:	    typename iterator_traits<_InputIterator1>::value_type,
        -: 5305:	    typename iterator_traits<_InputIterator2>::value_type>)
        -: 5306:      __glibcxx_function_requires(_BinaryPredicateConcept<_Compare,
        -: 5307:	    typename iterator_traits<_InputIterator2>::value_type,
        -: 5308:	    typename iterator_traits<_InputIterator1>::value_type>)
        -: 5309:      __glibcxx_requires_sorted_set_pred(__first1, __last1, __first2, __comp);
        -: 5310:      __glibcxx_requires_sorted_set_pred(__first2, __last2, __first1, __comp);
        -: 5311:      __glibcxx_requires_irreflexive_pred2(__first1, __last1, __comp);
        -: 5312:      __glibcxx_requires_irreflexive_pred2(__first2, __last2, __comp);
        -: 5313:
        -: 5314:      return _GLIBCXX_STD_A::__set_difference(__first1, __last1,
        -: 5315:				   __first2, __last2, __result,
        -: 5316:				   __gnu_cxx::__ops::__iter_comp_iter(__comp));
        -: 5317:    }
        -: 5318:
        -: 5319:  template<typename _InputIterator1, typename _InputIterator2,
        -: 5320:	   typename _OutputIterator,
        -: 5321:	   typename _Compare>
        -: 5322:    _OutputIterator
        -: 5323:    __set_symmetric_difference(_InputIterator1 __first1,
        -: 5324:			       _InputIterator1 __last1,
        -: 5325:			       _InputIterator2 __first2,
        -: 5326:			       _InputIterator2 __last2,
        -: 5327:			       _OutputIterator __result,
        -: 5328:			       _Compare __comp)
        -: 5329:    {
        -: 5330:      while (__first1 != __last1 && __first2 != __last2)
        -: 5331:	if (__comp(__first1, __first2))
        -: 5332:	  {
        -: 5333:	    *__result = *__first1;
        -: 5334:	    ++__first1;
        -: 5335:	    ++__result;
        -: 5336:	  }
        -: 5337:	else if (__comp(__first2, __first1))
        -: 5338:	  {
        -: 5339:	    *__result = *__first2;
        -: 5340:	    ++__first2;
        -: 5341:	    ++__result;
        -: 5342:	  }
        -: 5343:	else
        -: 5344:	  {
        -: 5345:	    ++__first1;
        -: 5346:	    ++__first2;
        -: 5347:	  }
        -: 5348:      return std::copy(__first2, __last2, 
        -: 5349:		       std::copy(__first1, __last1, __result));
        -: 5350:    }
        -: 5351:
        -: 5352:  /**
        -: 5353:   *  @brief  Return the symmetric difference of two sorted ranges.
        -: 5354:   *  @ingroup set_algorithms
        -: 5355:   *  @param  __first1  Start of first range.
        -: 5356:   *  @param  __last1   End of first range.
        -: 5357:   *  @param  __first2  Start of second range.
        -: 5358:   *  @param  __last2   End of second range.
        -: 5359:   *  @return  End of the output range.
        -: 5360:   *  @ingroup set_algorithms
        -: 5361:   *
        -: 5362:   *  This operation iterates over both ranges, copying elements present in
        -: 5363:   *  one range but not the other in order to the output range.  Iterators
        -: 5364:   *  increment for each range.  When the current element of one range is less
        -: 5365:   *  than the other, that element is copied and the iterator advances.  If an
        -: 5366:   *  element is contained in both ranges, no elements are copied and both
        -: 5367:   *  ranges advance.  The output range may not overlap either input range.
        -: 5368:  */
        -: 5369:  template<typename _InputIterator1, typename _InputIterator2,
        -: 5370:	   typename _OutputIterator>
        -: 5371:    inline _OutputIterator
        -: 5372:    set_symmetric_difference(_InputIterator1 __first1, _InputIterator1 __last1,
        -: 5373:			     _InputIterator2 __first2, _InputIterator2 __last2,
        -: 5374:			     _OutputIterator __result)
        -: 5375:    {
        -: 5376:      // concept requirements
        -: 5377:      __glibcxx_function_requires(_InputIteratorConcept<_InputIterator1>)
        -: 5378:      __glibcxx_function_requires(_InputIteratorConcept<_InputIterator2>)
        -: 5379:      __glibcxx_function_requires(_OutputIteratorConcept<_OutputIterator,
        -: 5380:	    typename iterator_traits<_InputIterator1>::value_type>)
        -: 5381:      __glibcxx_function_requires(_OutputIteratorConcept<_OutputIterator,
        -: 5382:	    typename iterator_traits<_InputIterator2>::value_type>)
        -: 5383:      __glibcxx_function_requires(_LessThanOpConcept<
        -: 5384:	    typename iterator_traits<_InputIterator1>::value_type,
        -: 5385:	    typename iterator_traits<_InputIterator2>::value_type>)
        -: 5386:      __glibcxx_function_requires(_LessThanOpConcept<
        -: 5387:	    typename iterator_traits<_InputIterator2>::value_type,
        -: 5388:	    typename iterator_traits<_InputIterator1>::value_type>)	
        -: 5389:      __glibcxx_requires_sorted_set(__first1, __last1, __first2);
        -: 5390:      __glibcxx_requires_sorted_set(__first2, __last2, __first1);
        -: 5391:      __glibcxx_requires_irreflexive2(__first1, __last1);
        -: 5392:      __glibcxx_requires_irreflexive2(__first2, __last2);
        -: 5393:
        -: 5394:      return _GLIBCXX_STD_A::__set_symmetric_difference(__first1, __last1,
        -: 5395:					__first2, __last2, __result,
        -: 5396:					__gnu_cxx::__ops::__iter_less_iter());
        -: 5397:    }
        -: 5398:
        -: 5399:  /**
        -: 5400:   *  @brief  Return the symmetric difference of two sorted ranges using
        -: 5401:   *  comparison functor.
        -: 5402:   *  @ingroup set_algorithms
        -: 5403:   *  @param  __first1  Start of first range.
        -: 5404:   *  @param  __last1   End of first range.
        -: 5405:   *  @param  __first2  Start of second range.
        -: 5406:   *  @param  __last2   End of second range.
        -: 5407:   *  @param  __comp    The comparison functor.
        -: 5408:   *  @return  End of the output range.
        -: 5409:   *  @ingroup set_algorithms
        -: 5410:   *
        -: 5411:   *  This operation iterates over both ranges, copying elements present in
        -: 5412:   *  one range but not the other in order to the output range.  Iterators
        -: 5413:   *  increment for each range.  When the current element of one range is less
        -: 5414:   *  than the other according to @p comp, that element is copied and the
        -: 5415:   *  iterator advances.  If an element is contained in both ranges according
        -: 5416:   *  to @p __comp, no elements are copied and both ranges advance.  The output
        -: 5417:   *  range may not overlap either input range.
        -: 5418:  */
        -: 5419:  template<typename _InputIterator1, typename _InputIterator2,
        -: 5420:	   typename _OutputIterator, typename _Compare>
        -: 5421:    inline _OutputIterator
        -: 5422:    set_symmetric_difference(_InputIterator1 __first1, _InputIterator1 __last1,
        -: 5423:			     _InputIterator2 __first2, _InputIterator2 __last2,
        -: 5424:			     _OutputIterator __result,
        -: 5425:			     _Compare __comp)
        -: 5426:    {
        -: 5427:      // concept requirements
        -: 5428:      __glibcxx_function_requires(_InputIteratorConcept<_InputIterator1>)
        -: 5429:      __glibcxx_function_requires(_InputIteratorConcept<_InputIterator2>)
        -: 5430:      __glibcxx_function_requires(_OutputIteratorConcept<_OutputIterator,
        -: 5431:	    typename iterator_traits<_InputIterator1>::value_type>)
        -: 5432:      __glibcxx_function_requires(_OutputIteratorConcept<_OutputIterator,
        -: 5433:	    typename iterator_traits<_InputIterator2>::value_type>)
        -: 5434:      __glibcxx_function_requires(_BinaryPredicateConcept<_Compare,
        -: 5435:	    typename iterator_traits<_InputIterator1>::value_type,
        -: 5436:	    typename iterator_traits<_InputIterator2>::value_type>)
        -: 5437:      __glibcxx_function_requires(_BinaryPredicateConcept<_Compare,
        -: 5438:	    typename iterator_traits<_InputIterator2>::value_type,
        -: 5439:	    typename iterator_traits<_InputIterator1>::value_type>)
        -: 5440:      __glibcxx_requires_sorted_set_pred(__first1, __last1, __first2, __comp);
        -: 5441:      __glibcxx_requires_sorted_set_pred(__first2, __last2, __first1, __comp);
        -: 5442:      __glibcxx_requires_irreflexive_pred2(__first1, __last1, __comp);
        -: 5443:      __glibcxx_requires_irreflexive_pred2(__first2, __last2, __comp);
        -: 5444:
        -: 5445:      return _GLIBCXX_STD_A::__set_symmetric_difference(__first1, __last1,
        -: 5446:				__first2, __last2, __result,
        -: 5447:				__gnu_cxx::__ops::__iter_comp_iter(__comp));
        -: 5448:    }
        -: 5449:
        -: 5450:  template<typename _ForwardIterator, typename _Compare>
        -: 5451:    _GLIBCXX14_CONSTEXPR
        -: 5452:    _ForwardIterator
        -: 5453:    __min_element(_ForwardIterator __first, _ForwardIterator __last,
        -: 5454:		  _Compare __comp)
        -: 5455:    {
        -: 5456:      if (__first == __last)
        -: 5457:	return __first;
        -: 5458:      _ForwardIterator __result = __first;
        -: 5459:      while (++__first != __last)
        -: 5460:	if (__comp(__first, __result))
        -: 5461:	  __result = __first;
        -: 5462:      return __result;
        -: 5463:    }
        -: 5464:
        -: 5465:  /**
        -: 5466:   *  @brief  Return the minimum element in a range.
        -: 5467:   *  @ingroup sorting_algorithms
        -: 5468:   *  @param  __first  Start of range.
        -: 5469:   *  @param  __last   End of range.
        -: 5470:   *  @return  Iterator referencing the first instance of the smallest value.
        -: 5471:  */
        -: 5472:  template<typename _ForwardIterator>
        -: 5473:    _GLIBCXX14_CONSTEXPR
        -: 5474:    _ForwardIterator
        -: 5475:    inline min_element(_ForwardIterator __first, _ForwardIterator __last)
        -: 5476:    {
        -: 5477:      // concept requirements
        -: 5478:      __glibcxx_function_requires(_ForwardIteratorConcept<_ForwardIterator>)
        -: 5479:      __glibcxx_function_requires(_LessThanComparableConcept<
        -: 5480:	    typename iterator_traits<_ForwardIterator>::value_type>)
        -: 5481:      __glibcxx_requires_valid_range(__first, __last);
        -: 5482:      __glibcxx_requires_irreflexive(__first, __last);
        -: 5483:
        -: 5484:      return _GLIBCXX_STD_A::__min_element(__first, __last,
        -: 5485:				__gnu_cxx::__ops::__iter_less_iter());
        -: 5486:    }
        -: 5487:
        -: 5488:  /**
        -: 5489:   *  @brief  Return the minimum element in a range using comparison functor.
        -: 5490:   *  @ingroup sorting_algorithms
        -: 5491:   *  @param  __first  Start of range.
        -: 5492:   *  @param  __last   End of range.
        -: 5493:   *  @param  __comp   Comparison functor.
        -: 5494:   *  @return  Iterator referencing the first instance of the smallest value
        -: 5495:   *  according to __comp.
        -: 5496:  */
        -: 5497:  template<typename _ForwardIterator, typename _Compare>
        -: 5498:    _GLIBCXX14_CONSTEXPR
        -: 5499:    inline _ForwardIterator
        -: 5500:    min_element(_ForwardIterator __first, _ForwardIterator __last,
        -: 5501:		_Compare __comp)
        -: 5502:    {
        -: 5503:      // concept requirements
        -: 5504:      __glibcxx_function_requires(_ForwardIteratorConcept<_ForwardIterator>)
        -: 5505:      __glibcxx_function_requires(_BinaryPredicateConcept<_Compare,
        -: 5506:	    typename iterator_traits<_ForwardIterator>::value_type,
        -: 5507:	    typename iterator_traits<_ForwardIterator>::value_type>)
        -: 5508:      __glibcxx_requires_valid_range(__first, __last);
        -: 5509:      __glibcxx_requires_irreflexive_pred(__first, __last, __comp);
        -: 5510:
        -: 5511:      return _GLIBCXX_STD_A::__min_element(__first, __last,
        -: 5512:				__gnu_cxx::__ops::__iter_comp_iter(__comp));
        -: 5513:    }
        -: 5514:
        -: 5515:  template<typename _ForwardIterator, typename _Compare>
        -: 5516:    _GLIBCXX14_CONSTEXPR
        -: 5517:    _ForwardIterator
        -: 5518:    __max_element(_ForwardIterator __first, _ForwardIterator __last,
        -: 5519:		  _Compare __comp)
        -: 5520:    {
        -: 5521:      if (__first == __last) return __first;
        -: 5522:      _ForwardIterator __result = __first;
        -: 5523:      while (++__first != __last)
        -: 5524:	if (__comp(__result, __first))
        -: 5525:	  __result = __first;
        -: 5526:      return __result;
        -: 5527:    }
        -: 5528:
        -: 5529:  /**
        -: 5530:   *  @brief  Return the maximum element in a range.
        -: 5531:   *  @ingroup sorting_algorithms
        -: 5532:   *  @param  __first  Start of range.
        -: 5533:   *  @param  __last   End of range.
        -: 5534:   *  @return  Iterator referencing the first instance of the largest value.
        -: 5535:  */
        -: 5536:  template<typename _ForwardIterator>
        -: 5537:    _GLIBCXX14_CONSTEXPR
        -: 5538:    inline _ForwardIterator
        -: 5539:    max_element(_ForwardIterator __first, _ForwardIterator __last)
        -: 5540:    {
        -: 5541:      // concept requirements
        -: 5542:      __glibcxx_function_requires(_ForwardIteratorConcept<_ForwardIterator>)
        -: 5543:      __glibcxx_function_requires(_LessThanComparableConcept<
        -: 5544:	    typename iterator_traits<_ForwardIterator>::value_type>)
        -: 5545:      __glibcxx_requires_valid_range(__first, __last);
        -: 5546:      __glibcxx_requires_irreflexive(__first, __last);
        -: 5547:
        -: 5548:      return _GLIBCXX_STD_A::__max_element(__first, __last,
        -: 5549:				__gnu_cxx::__ops::__iter_less_iter());
        -: 5550:    }
        -: 5551:
        -: 5552:  /**
        -: 5553:   *  @brief  Return the maximum element in a range using comparison functor.
        -: 5554:   *  @ingroup sorting_algorithms
        -: 5555:   *  @param  __first  Start of range.
        -: 5556:   *  @param  __last   End of range.
        -: 5557:   *  @param  __comp   Comparison functor.
        -: 5558:   *  @return  Iterator referencing the first instance of the largest value
        -: 5559:   *  according to __comp.
        -: 5560:  */
        -: 5561:  template<typename _ForwardIterator, typename _Compare>
        -: 5562:    _GLIBCXX14_CONSTEXPR
        -: 5563:    inline _ForwardIterator
        -: 5564:    max_element(_ForwardIterator __first, _ForwardIterator __last,
        -: 5565:		_Compare __comp)
        -: 5566:    {
        -: 5567:      // concept requirements
        -: 5568:      __glibcxx_function_requires(_ForwardIteratorConcept<_ForwardIterator>)
        -: 5569:      __glibcxx_function_requires(_BinaryPredicateConcept<_Compare,
        -: 5570:	    typename iterator_traits<_ForwardIterator>::value_type,
        -: 5571:	    typename iterator_traits<_ForwardIterator>::value_type>)
        -: 5572:      __glibcxx_requires_valid_range(__first, __last);
        -: 5573:      __glibcxx_requires_irreflexive_pred(__first, __last, __comp);
        -: 5574:
        -: 5575:      return _GLIBCXX_STD_A::__max_element(__first, __last,
        -: 5576:				__gnu_cxx::__ops::__iter_comp_iter(__comp));
        -: 5577:    }
        -: 5578:
        -: 5579:_GLIBCXX_END_NAMESPACE_ALGO
        -: 5580:} // namespace std
        -: 5581:
        -: 5582:#endif /* _STL_ALGO_H */
